Traceback (most recent call last):
  File "/opt/homebrew/Caskroom/miniforge/base/envs/integrated-energy-grids/lib/python3.12/site-packages/jupyter_cache/executors/utils.py", line 58, in single_nb_execution
    executenb(
  File "/opt/homebrew/Caskroom/miniforge/base/envs/integrated-energy-grids/lib/python3.12/site-packages/nbclient/client.py", line 1319, in execute
    return NotebookClient(nb=nb, resources=resources, km=km, **kwargs).execute()
           ^^^^^^^^^^^^^^^^^^^^^^^^^^^^^^^^^^^^^^^^^^^^^^^^^^^^^^^^^^^^^^^^^^^^^
  File "/opt/homebrew/Caskroom/miniforge/base/envs/integrated-energy-grids/lib/python3.12/site-packages/jupyter_core/utils/__init__.py", line 165, in wrapped
    return loop.run_until_complete(inner)
           ^^^^^^^^^^^^^^^^^^^^^^^^^^^^^^
  File "/opt/homebrew/Caskroom/miniforge/base/envs/integrated-energy-grids/lib/python3.12/asyncio/base_events.py", line 686, in run_until_complete
    return future.result()
           ^^^^^^^^^^^^^^^
  File "/opt/homebrew/Caskroom/miniforge/base/envs/integrated-energy-grids/lib/python3.12/site-packages/nbclient/client.py", line 709, in async_execute
    await self.async_execute_cell(
  File "/opt/homebrew/Caskroom/miniforge/base/envs/integrated-energy-grids/lib/python3.12/site-packages/nbclient/client.py", line 1062, in async_execute_cell
    await self._check_raise_for_error(cell, cell_index, exec_reply)
  File "/opt/homebrew/Caskroom/miniforge/base/envs/integrated-energy-grids/lib/python3.12/site-packages/nbclient/client.py", line 918, in _check_raise_for_error
    raise CellExecutionError.from_cell_and_msg(cell, exec_reply_content)
nbclient.exceptions.CellExecutionError: An error occurred while executing the following cell:
------------------
!pip install pypsa
import pandas as pd
import pypsa
------------------

----- stdout -----
Requirement already satisfied: pypsa in /opt/homebrew/Caskroom/miniforge/base/envs/integrated-energy-grids/lib/python3.12/site-packages (0.25.1)
Requirement already satisfied: numpy in /opt/homebrew/Caskroom/miniforge/base/envs/integrated-energy-grids/lib/python3.12/site-packages (from pypsa) (2.2.1)
Requirement already satisfied: scipy in /opt/homebrew/Caskroom/miniforge/base/envs/integrated-energy-grids/lib/python3.12/site-packages (from pypsa) (1.15.1)
Requirement already satisfied: pandas>=0.24 in /opt/homebrew/Caskroom/miniforge/base/envs/integrated-energy-grids/lib/python3.12/site-packages (from pypsa) (2.2.3)
Requirement already satisfied: xarray in /opt/homebrew/Caskroom/miniforge/base/envs/integrated-energy-grids/lib/python3.12/site-packages (from pypsa) (2025.1.1)
Requirement already satisfied: netcdf4 in /opt/homebrew/Caskroom/miniforge/base/envs/integrated-energy-grids/lib/python3.12/site-packages (from pypsa) (1.7.2)
Requirement already satisfied: tables in /opt/homebrew/Caskroom/miniforge/base/envs/integrated-energy-grids/lib/python3.12/site-packages (from pypsa) (3.10.2)
Requirement already satisfied: pyomo>=5.7 in /opt/homebrew/Caskroom/miniforge/base/envs/integrated-energy-grids/lib/python3.12/site-packages (from pypsa) (6.8.2)
Requirement already satisfied: linopy>=0.2.1 in /opt/homebrew/Caskroom/miniforge/base/envs/integrated-energy-grids/lib/python3.12/site-packages (from pypsa) (0.3.11)
Requirement already satisfied: matplotlib in /opt/homebrew/Caskroom/miniforge/base/envs/integrated-energy-grids/lib/python3.12/site-packages (from pypsa) (3.10.0)
Requirement already satisfied: networkx>=1.10 in /opt/homebrew/Caskroom/miniforge/base/envs/integrated-energy-grids/lib/python3.12/site-packages (from pypsa) (3.4.2)
Requirement already satisfied: deprecation in /opt/homebrew/Caskroom/miniforge/base/envs/integrated-energy-grids/lib/python3.12/site-packages (from pypsa) (2.1.0)
Requirement already satisfied: validators in /opt/homebrew/Caskroom/miniforge/base/envs/integrated-energy-grids/lib/python3.12/site-packages (from pypsa) (0.34.0)
Requirement already satisfied: bottleneck in /opt/homebrew/Caskroom/miniforge/base/envs/integrated-energy-grids/lib/python3.12/site-packages (from linopy>=0.2.1->pypsa) (1.4.2)
Requirement already satisfied: toolz in /opt/homebrew/Caskroom/miniforge/base/envs/integrated-energy-grids/lib/python3.12/site-packages (from linopy>=0.2.1->pypsa) (1.0.0)
Requirement already satisfied: numexpr in /opt/homebrew/Caskroom/miniforge/base/envs/integrated-energy-grids/lib/python3.12/site-packages (from linopy>=0.2.1->pypsa) (2.10.2)
Requirement already satisfied: dask>=0.18.0 in /opt/homebrew/Caskroom/miniforge/base/envs/integrated-energy-grids/lib/python3.12/site-packages (from linopy>=0.2.1->pypsa) (2024.12.1)
Requirement already satisfied: polars in /opt/homebrew/Caskroom/miniforge/base/envs/integrated-energy-grids/lib/python3.12/site-packages (from linopy>=0.2.1->pypsa) (1.17.1)
Requirement already satisfied: tqdm in /opt/homebrew/Caskroom/miniforge/base/envs/integrated-energy-grids/lib/python3.12/site-packages (from linopy>=0.2.1->pypsa) (4.67.1)
Requirement already satisfied: python-dateutil>=2.8.2 in /opt/homebrew/Caskroom/miniforge/base/envs/integrated-energy-grids/lib/python3.12/site-packages (from pandas>=0.24->pypsa) (2.9.0.post0)
Requirement already satisfied: pytz>=2020.1 in /opt/homebrew/Caskroom/miniforge/base/envs/integrated-energy-grids/lib/python3.12/site-packages (from pandas>=0.24->pypsa) (2024.1)
Requirement already satisfied: tzdata>=2022.7 in /opt/homebrew/Caskroom/miniforge/base/envs/integrated-energy-grids/lib/python3.12/site-packages (from pandas>=0.24->pypsa) (2024.2)
Requirement already satisfied: ply in /opt/homebrew/Caskroom/miniforge/base/envs/integrated-energy-grids/lib/python3.12/site-packages (from pyomo>=5.7->pypsa) (3.11)
Requirement already satisfied: packaging>=23.2 in /opt/homebrew/Caskroom/miniforge/base/envs/integrated-energy-grids/lib/python3.12/site-packages (from xarray->pypsa) (24.2)
Requirement already satisfied: contourpy>=1.0.1 in /opt/homebrew/Caskroom/miniforge/base/envs/integrated-energy-grids/lib/python3.12/site-packages (from matplotlib->pypsa) (1.3.1)
Requirement already satisfied: cycler>=0.10 in /opt/homebrew/Caskroom/miniforge/base/envs/integrated-energy-grids/lib/python3.12/site-packages (from matplotlib->pypsa) (0.12.1)
Requirement already satisfied: fonttools>=4.22.0 in /opt/homebrew/Caskroom/miniforge/base/envs/integrated-energy-grids/lib/python3.12/site-packages (from matplotlib->pypsa) (4.55.3)
Requirement already satisfied: kiwisolver>=1.3.1 in /opt/homebrew/Caskroom/miniforge/base/envs/integrated-energy-grids/lib/python3.12/site-packages (from matplotlib->pypsa) (1.4.7)
Requirement already satisfied: pillow>=8 in /opt/homebrew/Caskroom/miniforge/base/envs/integrated-energy-grids/lib/python3.12/site-packages (from matplotlib->pypsa) (11.1.0)
Requirement already satisfied: pyparsing>=2.3.1 in /opt/homebrew/Caskroom/miniforge/base/envs/integrated-energy-grids/lib/python3.12/site-packages (from matplotlib->pypsa) (3.2.1)
Requirement already satisfied: cftime in /opt/homebrew/Caskroom/miniforge/base/envs/integrated-energy-grids/lib/python3.12/site-packages (from netcdf4->pypsa) (1.6.4)
Requirement already satisfied: certifi in /opt/homebrew/Caskroom/miniforge/base/envs/integrated-energy-grids/lib/python3.12/site-packages (from netcdf4->pypsa) (2024.12.14)
Requirement already satisfied: py-cpuinfo in /opt/homebrew/Caskroom/miniforge/base/envs/integrated-energy-grids/lib/python3.12/site-packages (from tables->pypsa) (9.0.0)
Requirement already satisfied: typing-extensions>=4.4.0 in /opt/homebrew/Caskroom/miniforge/base/envs/integrated-energy-grids/lib/python3.12/site-packages (from tables->pypsa) (4.12.2)
Requirement already satisfied: click>=8.1 in /opt/homebrew/Caskroom/miniforge/base/envs/integrated-energy-grids/lib/python3.12/site-packages (from dask>=0.18.0->linopy>=0.2.1->pypsa) (8.1.8)
Requirement already satisfied: cloudpickle>=3.0.0 in /opt/homebrew/Caskroom/miniforge/base/envs/integrated-energy-grids/lib/python3.12/site-packages (from dask>=0.18.0->linopy>=0.2.1->pypsa) (3.1.0)
Requirement already satisfied: fsspec>=2021.09.0 in /opt/homebrew/Caskroom/miniforge/base/envs/integrated-energy-grids/lib/python3.12/site-packages (from dask>=0.18.0->linopy>=0.2.1->pypsa) (2024.12.0)
Requirement already satisfied: partd>=1.4.0 in /opt/homebrew/Caskroom/miniforge/base/envs/integrated-energy-grids/lib/python3.12/site-packages (from dask>=0.18.0->linopy>=0.2.1->pypsa) (1.4.2)
Requirement already satisfied: pyyaml>=5.3.1 in /opt/homebrew/Caskroom/miniforge/base/envs/integrated-energy-grids/lib/python3.12/site-packages (from dask>=0.18.0->linopy>=0.2.1->pypsa) (6.0.2)
Requirement already satisfied: six>=1.5 in /opt/homebrew/Caskroom/miniforge/base/envs/integrated-energy-grids/lib/python3.12/site-packages (from python-dateutil>=2.8.2->pandas>=0.24->pypsa) (1.17.0)
----- stdout -----
Requirement already satisfied: locket in /opt/homebrew/Caskroom/miniforge/base/envs/integrated-energy-grids/lib/python3.12/site-packages (from partd>=1.4.0->dask>=0.18.0->linopy>=0.2.1->pypsa) (1.0.0)
------------------

[0;31m---------------------------------------------------------------------------[0m
[0;31mImportError[0m                               Traceback (most recent call last)
Cell [0;32mIn[1], line 2[0m
[1;32m      1[0m get_ipython()[38;5;241m.[39msystem([38;5;124m'[39m[38;5;124mpip install pypsa[39m[38;5;124m'[39m)
[0;32m----> 2[0m [38;5;28;01mimport[39;00m[38;5;250m [39m[38;5;21;01mpandas[39;00m[38;5;250m [39m[38;5;28;01mas[39;00m[38;5;250m [39m[38;5;21;01mpd[39;00m
[1;32m      3[0m [38;5;28;01mimport[39;00m[38;5;250m [39m[38;5;21;01mpypsa[39;00m

File [0;32m/opt/homebrew/Caskroom/miniforge/base/envs/integrated-energy-grids/lib/python3.12/site-packages/pandas/__init__.py:19[0m
[1;32m     16[0m         _missing_dependencies[38;5;241m.[39mappend([38;5;124mf[39m[38;5;124m"[39m[38;5;132;01m{[39;00m_dependency[38;5;132;01m}[39;00m[38;5;124m: [39m[38;5;132;01m{[39;00m_e[38;5;132;01m}[39;00m[38;5;124m"[39m)
[1;32m     18[0m [38;5;28;01mif[39;00m _missing_dependencies:  [38;5;66;03m# pragma: no cover[39;00m
[0;32m---> 19[0m     [38;5;28;01mraise[39;00m [38;5;167;01mImportError[39;00m(
[1;32m     20[0m         [38;5;124m"[39m[38;5;124mUnable to import required dependencies:[39m[38;5;130;01m\n[39;00m[38;5;124m"[39m [38;5;241m+[39m [38;5;124m"[39m[38;5;130;01m\n[39;00m[38;5;124m"[39m[38;5;241m.[39mjoin(_missing_dependencies)
[1;32m     21[0m     )
[1;32m     22[0m [38;5;28;01mdel[39;00m _hard_dependencies, _dependency, _missing_dependencies
[1;32m     24[0m [38;5;28;01mtry[39;00m:
[1;32m     25[0m     [38;5;66;03m# numpy compat[39;00m

[0;31mImportError[0m: Unable to import required dependencies:
numpy: Error importing numpy: you should not try to import numpy from
        its source directory; please exit the numpy source tree, and relaunch
        your python interpreter from there.

